#
# A fatal error has been detected by the Java Runtime Environment:
#
#  EXCEPTION_ACCESS_VIOLATION (0xc0000005) at pc=0x000000007575226b, pid=4120, tid=9176
#
# JRE version: Java(TM) SE Runtime Environment (7.0_40-b43) (build 1.7.0_40-b43)
# Java VM: Java HotSpot(TM) 64-Bit Server VM (24.0-b56 mixed mode windows-amd64 compressed oops)
# Problematic frame:
# V  [jvm.dll+0x14226b]
#
# Failed to write core dump. Minidumps are not enabled by default on client versions of Windows
#
# If you would like to submit a bug report, please visit:
#   http://bugreport.sun.com/bugreport/crash.jsp
#

---------------  T H R E A D  ---------------

Current thread (0x000000000adbc000):  JavaThread "JDWP Transport Listener: dt_socket" daemon [_thread_in_vm, id=9176, stack(0x000000000c5f0000,0x000000000c6f0000)]

siginfo: ExceptionCode=0xc0000005, reading address 0xffffffffffffffff

Registers:
RAX=0x000000000c6ef201, RBX=0x000000000adbc000, RCX=0x72746e003b790000, RDX=0x0000000000000000
RSP=0x000000000c6ef250, RBP=0x72746e003b790000, RSI=0x000000000c6ef368, RDI=0x00000000029a9c20
R8 =0x000000000adbc000, R9 =0x0000000000008000, R10=0x0000000000000000, R11=0x000000000adf326e
R12=0x0000000000000000, R13=0x000000000ada3678, R14=0x0000000000000000, R15=0x0000000000000000
RIP=0x000000007575226b, EFLAGS=0x0000000000010206

Top of Stack: (sp=0x000000000c6ef250)
0x000000000c6ef250:   000000000c6ef430 000000000adf2110
0x000000000c6ef260:   000000000c6ef430 00000000758f0f29
0x000000000c6ef270:   000000000adbc000 000000007590ead2
0x000000000c6ef280:   0000000000000000 0000000076dc8e89
0x000000000c6ef290:   000000000ad712a0 0000000076dd265a
0x000000000c6ef2a0:   000000000adbc000 0000000000000000
0x000000000c6ef2b0:   0000000000000000 0000000000000000
0x000000000c6ef2c0:   72746e003b790000 0000000076dd1751
0x000000000c6ef2d0:   000000000c6ef368 000000000c6ef340
0x000000000c6ef2e0:   0000000000000001 000000000ad712a0
0x000000000c6ef2f0:   72746e003b790000 0000000076db53b3
0x000000000c6ef300:   000000000c6ef430 0000000000000001
0x000000000c6ef310:   0000000000000001 000000000ad712a0
0x000000000c6ef320:   000000000000000a 0000000000000000
0x000000000c6ef330:   0000000000000000 0000000000000000
0x000000000c6ef340:   0000000000000001 0000000076db5571 

Instructions: (pc=0x000000007575226b)
0x000000007575224b:   48 8b 5c 24 30 48 89 47 18 48 83 c4 20 5f c3 cc
0x000000007575225b:   cc cc cc cc cc 40 53 48 83 ec 20 48 85 c9 74 54
0x000000007575226b:   48 8b 19 48 85 db 74 4c 48 b8 fe fe fe fe fe fe
0x000000007575227b:   fe fe 48 3b d8 74 3d 80 3d af 89 60 00 00 74 15 


Register to memory mapping:

RAX=0x000000000c6ef201 is pointing into the stack for thread: 0x000000000adbc000
RBX=0x000000000adbc000 is a thread
RCX=0x72746e003b790000 is an unknown value
RDX=0x0000000000000000 is an unknown value
RSP=0x000000000c6ef250 is pointing into the stack for thread: 0x000000000adbc000
RBP=0x72746e003b790000 is an unknown value
RSI=0x000000000c6ef368 is pointing into the stack for thread: 0x000000000adbc000
RDI=0x00000000029a9c20 is an unknown value
R8 =0x000000000adbc000 is a thread
R9 =0x0000000000008000 is an unknown value
R10=0x0000000000000000 is an unknown value
R11=0x000000000adf326e is an unknown value
R12=0x0000000000000000 is an unknown value
R13=0x000000000ada3678 is an unknown value
R14=0x0000000000000000 is an unknown value
R15=0x0000000000000000 is an unknown value


Stack: [0x000000000c5f0000,0x000000000c6f0000],  sp=0x000000000c6ef250,  free space=1020k
Native frames: (J=compiled Java code, j=interpreted, Vv=VM code, C=native code)
V  [jvm.dll+0x14226b]

[error occurred during error reporting (printing native stack), id 0xc0000005]


---------------  P R O C E S S  ---------------

Java Threads: ( => current thread )
  0x000000000ade2800 JavaThread "Service Thread" daemon [_thread_blocked, id=6976, stack(0x000000000caf0000,0x000000000cbf0000)]
  0x000000000add9800 JavaThread "C2 CompilerThread1" daemon [_thread_blocked, id=12228, stack(0x000000000c9f0000,0x000000000caf0000)]
  0x000000000add6000 JavaThread "C2 CompilerThread0" daemon [_thread_blocked, id=11528, stack(0x000000000c8f0000,0x000000000c9f0000)]
  0x000000000adc1800 JavaThread "JDWP Command Reader" daemon [_thread_in_native, id=9652, stack(0x000000000c7f0000,0x000000000c8f0000)]
  0x000000000adbd800 JavaThread "JDWP Event Helper Thread" daemon [_thread_blocked, id=3904, stack(0x000000000c6f0000,0x000000000c7f0000)]
=>0x000000000adbc000 JavaThread "JDWP Transport Listener: dt_socket" daemon [_thread_in_vm, id=9176, stack(0x000000000c5f0000,0x000000000c6f0000)]
  0x000000000ada4000 JavaThread "Attach Listener" daemon [_thread_blocked, id=10788, stack(0x000000000c210000,0x000000000c310000)]
  0x000000000ada1000 JavaThread "Signal Dispatcher" daemon [_thread_blocked, id=1768, stack(0x000000000c110000,0x000000000c210000)]
  0x000000000ad6c800 JavaThread "Finalizer" daemon [_thread_blocked, id=7656, stack(0x000000000c010000,0x000000000c110000)]
  0x000000000ad63000 JavaThread "Reference Handler" daemon [_thread_blocked, id=10756, stack(0x000000000bf10000,0x000000000c010000)]
  0x00000000029ae000 JavaThread "main" [_thread_blocked, id=11620, stack(0x00000000029b0000,0x0000000002ab0000)]

Other Threads:
  0x000000000ad60000 VMThread [stack: 0x000000000be10000,0x000000000bf10000] [id=10472]
  0x000000000aded800 WatcherThread [stack: 0x000000000cbf0000,0x000000000ccf0000] [id=2888]

VM state:not at safepoint (normal execution)

VM Mutex/Monitor currently owned by a thread: None

Heap
 PSYoungGen      total 37888K, used 1310K [0x00000007d6000000, 0x00000007d8a00000, 0x0000000800000000)
  eden space 32768K, 4% used [0x00000007d6000000,0x00000007d6147b68,0x00000007d8000000)
  from space 5120K, 0% used [0x00000007d8500000,0x00000007d8500000,0x00000007d8a00000)
  to   space 5120K, 0% used [0x00000007d8000000,0x00000007d8000000,0x00000007d8500000)
 ParOldGen       total 86016K, used 0K [0x0000000782000000, 0x0000000787400000, 0x00000007d6000000)
  object space 86016K, 0% used [0x0000000782000000,0x0000000782000000,0x0000000787400000)
 PSPermGen       total 21504K, used 2459K [0x000000077ce00000, 0x000000077e300000, 0x0000000782000000)
  object space 21504K, 11% used [0x000000077ce00000,0x000000077d066c18,0x000000077e300000)

Card table byte_map: [0x0000000005bb0000,0x0000000005fd0000] byte_map_base: 0x0000000001fc9000

Polling page: 0x0000000000f00000

Code Cache  [0x0000000002bb0000, 0x0000000002e20000, 0x0000000005bb0000)
 total_blobs=157 nmethods=0 adapters=133 free_code_cache=48776Kb largest_free_block=49947136

Compilation events (0 events):
No events

GC Heap History (0 events):
No events

Deoptimization events (0 events):
No events

Internal exceptions (2 events):
Event: 0.115 Thread 0x00000000029ae000 Threw 0x00000007d600bab0 at C:\jdk7u2_64p\jdk7u40\hotspot\src\share\vm\prims\jni.cpp:3991
Event: 0.540 Thread 0x00000000029ae000 Threw 0x00000007d604e3c8 at C:\jdk7u2_64p\jdk7u40\hotspot\src\share\vm\prims\jvm.cpp:1244

Events (10 events):
Event: 3097.217 Executing VM operation: ChangeBreakpoints
Event: 3097.217 Executing VM operation: ChangeBreakpoints done
Event: 3097.236 Executing VM operation: ChangeBreakpoints
Event: 3097.236 Executing VM operation: ChangeBreakpoints done
Event: 6644.912 Executing VM operation: ChangeBreakpoints
Event: 6644.912 Executing VM operation: ChangeBreakpoints done
Event: 6644.914 Executing VM operation: ChangeBreakpoints
Event: 6644.914 Executing VM operation: ChangeBreakpoints done
Event: 6645.028 Executing VM operation: RedefineClasses
Event: 6645.028 Executing VM operation: RedefineClasses done


Dynamic libraries:
0x00007ff782a50000 - 0x00007ff782a83000 	C:\Program Files\Java\jre7\bin\javaw.exe
0x00007ffd28830000 - 0x00007ffd289dc000 	C:\WINDOWS\SYSTEM32\ntdll.dll
0x00007ffd26250000 - 0x00007ffd2638e000 	C:\WINDOWS\system32\KERNEL32.DLL
0x00007ffd25a50000 - 0x00007ffd25b65000 	C:\WINDOWS\system32\KERNELBASE.dll
0x00007ffd24520000 - 0x00007ffd245ae000 	C:\WINDOWS\system32\apphelp.dll
0x00007ffcf5ec0000 - 0x00007ffcf5f13000 	C:\WINDOWS\AppPatch\AppPatch64\AcGenral.DLL
0x00007ffd27040000 - 0x00007ffd270ea000 	C:\WINDOWS\system32\msvcrt.dll
0x00007ffd25750000 - 0x00007ffd2577e000 	C:\WINDOWS\SYSTEM32\SspiCli.dll
0x00007ffd26020000 - 0x00007ffd26074000 	C:\WINDOWS\system32\SHLWAPI.dll
0x00007ffd26880000 - 0x00007ffd269f7000 	C:\WINDOWS\system32\USER32.dll
0x00007ffd26a00000 - 0x00007ffd26b94000 	C:\WINDOWS\system32\ole32.dll
0x00007ffd27310000 - 0x00007ffd28828000 	C:\WINDOWS\system32\SHELL32.dll
0x00007ffd24f20000 - 0x00007ffd24f41000 	C:\WINDOWS\SYSTEM32\USERENV.dll
0x00007ffd25f70000 - 0x00007ffd2601a000 	C:\WINDOWS\system32\ADVAPI32.dll
0x00007ffd0e850000 - 0x00007ffd0e86e000 	C:\WINDOWS\SYSTEM32\MPR.dll
0x00007ffd26ba0000 - 0x00007ffd26ce1000 	C:\WINDOWS\system32\RPCRT4.dll
0x00007ffd25eb0000 - 0x00007ffd25f09000 	C:\WINDOWS\SYSTEM32\sechost.dll
0x00007ffd26dd0000 - 0x00007ffd26fe1000 	C:\WINDOWS\SYSTEM32\combase.dll
0x00007ffd270f0000 - 0x00007ffd27241000 	C:\WINDOWS\system32\GDI32.dll
0x00007ffd25980000 - 0x00007ffd25995000 	C:\WINDOWS\SYSTEM32\profapi.dll
0x00007ffd23ef0000 - 0x00007ffd23fa2000 	C:\WINDOWS\SYSTEM32\SHCORE.dll
0x00007ffd27000000 - 0x00007ffd27036000 	C:\WINDOWS\system32\IMM32.DLL
0x00007ffd26090000 - 0x00007ffd261e1000 	C:\WINDOWS\system32\MSCTF.dll
0x00007ffd22440000 - 0x00007ffd226bb000 	C:\WINDOWS\WinSxS\amd64_microsoft.windows.common-controls_6595b64144ccf1df_6.0.9600.17415_none_6240486fecbd8abb\COMCTL32.dll
0x0000000075de0000 - 0x0000000075eb1000 	C:\Program Files\Java\jre7\bin\msvcr100.dll
0x0000000075610000 - 0x0000000075dd9000 	C:\Program Files\Java\jre7\bin\server\jvm.dll
0x00007ffd1bb50000 - 0x00007ffd1bb59000 	C:\WINDOWS\SYSTEM32\WSOCK32.dll
0x00007ffd209a0000 - 0x00007ffd209c2000 	C:\WINDOWS\SYSTEM32\WINMM.dll
0x00007ffd26ff0000 - 0x00007ffd26ff7000 	C:\WINDOWS\system32\PSAPI.DLL
0x00007ffd25f10000 - 0x00007ffd25f6a000 	C:\WINDOWS\system32\WS2_32.dll
0x00007ffd20970000 - 0x00007ffd2099a000 	C:\WINDOWS\SYSTEM32\WINMMBASE.dll
0x00007ffd26db0000 - 0x00007ffd26db9000 	C:\WINDOWS\system32\NSI.dll
0x00007ffd25b70000 - 0x00007ffd25bbf000 	C:\WINDOWS\SYSTEM32\cfgmgr32.dll
0x00007ffd24780000 - 0x00007ffd247a8000 	C:\WINDOWS\SYSTEM32\DEVOBJ.dll
0x0000000076e40000 - 0x0000000076e4f000 	C:\Program Files\Java\jre7\bin\verify.dll
0x00000000755e0000 - 0x0000000075608000 	C:\Program Files\Java\jre7\bin\java.dll
0x0000000076db0000 - 0x0000000076de5000 	C:\Program Files\Java\jre7\bin\jdwp.dll
0x0000000076da0000 - 0x0000000076da8000 	C:\Program Files\Java\jre7\bin\npt.dll
0x00000000755c0000 - 0x00000000755d5000 	C:\Program Files\Java\jre7\bin\zip.dll
0x0000000076d90000 - 0x0000000076d99000 	C:\Program Files\Java\jre7\bin\dt_socket.dll
0x00007ffd156f0000 - 0x00007ffd15705000 	C:\WINDOWS\system32\napinsp.dll
0x00007ffd156d0000 - 0x00007ffd156ea000 	C:\WINDOWS\system32\pnrpnsp.dll
0x00007ffd210f0000 - 0x00007ffd2110b000 	C:\WINDOWS\system32\NLAapi.dll
0x00007ffd25190000 - 0x00007ffd251e9000 	C:\WINDOWS\System32\mswsock.dll
0x00007ffd24f90000 - 0x00007ffd25034000 	C:\WINDOWS\SYSTEM32\DNSAPI.dll
0x00007ffd156c0000 - 0x00007ffd156cd000 	C:\WINDOWS\System32\winrnr.dll
0x00007ffd156a0000 - 0x00007ffd156b4000 	C:\WINDOWS\system32\wshbth.dll
0x00007ffd1ec70000 - 0x00007ffd1ecdb000 	C:\WINDOWS\System32\fwpuclnt.dll
0x00007ffd1ac30000 - 0x00007ffd1ac3a000 	C:\Windows\System32\rasadhlp.dll
0x00007ffd1b7c0000 - 0x00007ffd1b94a000 	C:\WINDOWS\SYSTEM32\dbghelp.dll

VM Arguments:
jvm_args: -agentlib:jdwp=transport=dt_socket,suspend=y,address=localhost:58871 -Dfile.encoding=Cp1252 
java_command: pdfParse.ParsePDF
Launcher Type: SUN_STANDARD

Environment Variables:
JAVA_HOME=C:\Program Files\Java\jdk1.7.0_40\bin
CLASSPATH=C:\Users\Sumanth\Downloads\Libraries\libsvm-3.20\libsvm-3.20\java\libsvm.jar
PATH=C:\Program Files (x86)\Intel\iCLS Client\;C:\Program Files\Intel\iCLS Client\;C:\WINDOWS\system32;C:\WINDOWS;C:\WINDOWS\System32\Wbem;C:\WINDOWS\System32\WindowsPowerShell\v1.0\;C:\Program Files\Intel\Intel(R) Management Engine Components\DAL;C:\Program Files\Intel\Intel(R) Management Engine Components\IPT;C:\Program Files (x86)\Intel\Intel(R) Management Engine Components\DAL;C:\Program Files (x86)\Intel\Intel(R) Management Engine Components\IPT;C:\Program Files\Intel\WiFi\bin\;C:\Program Files\Common Files\Intel\WirelessCommon\;C:\Program Files\Java\jdk1.7.0_40;C:\Program Files\TortoiseSVN\bin;C:\Program Files (x86)\MySQL\MySQL Utilities 1.3.4\;C:\Program Files\Microsoft\Web Platform Installer\;C:\Program Files (x86)\Microsoft ASP.NET\ASP.NET Web Pages\v1.0\;C:\Program Files\Microsoft SQL Server\110\Tools\Binn\;C:\Program Files (x86)\Microsoft SQL Server\100\Tools\Binn\;C:\Program Files\Microsoft SQL Server\100\Tools\Binn\;C:\Program Files\Microsoft SQL Server\100\DTS\Binn\;C:\Program Files (x86)\Windows Live\Shared;C:\Program Files (x86)\Windows Kits\8.0\Windows Performance Toolkit\;C:\Program Files (x86)\Liquid Technologies\Liquid XML 2014\XmlDataBinder12\Redist12\cpp\win32\bin;C:\Program Files\Java\jdk1.7.0_40\bin;E:\Program Files\MATLAB\R2013b\runtime\win64;E:\Program Files\MATLAB\R2013b\bin;C:\Program Files (x86)\Git\cmd;C:\Rails\Git\cmd;C:\Rails\Ruby1.9.3\bin;C:\Program Files (x86)\SSH Communications Security\SSH Secure Shell;C:\Python34;C:\Python34\Scripts;C:\PSTools\PSExec.exe
USERNAME=Sumanth
OS=Windows_NT
PROCESSOR_IDENTIFIER=Intel64 Family 6 Model 58 Stepping 9, GenuineIntel



---------------  S Y S T E M  ---------------

OS: Windows 8 , 64 bit Build 9200 

CPU:total 4 (2 cores per cpu, 2 threads per core) family 6 model 58 stepping 9, cmov, cx8, fxsr, mmx, sse, sse2, sse3, ssse3, sse4.1, sse4.2, popcnt, avx, aes, erms, ht, tsc, tscinvbit, tscinv

Memory: 4k page, physical 8251912k(3549996k free), swap 16640520k(9825876k free)

vm_info: Java HotSpot(TM) 64-Bit Server VM (24.0-b56) for windows-amd64 JRE (1.7.0_40-b43), built on Aug 26 2013 22:38:32 by "java_re" with unknown MS VC++:1600

time: Tue Mar 24 12:16:18 2015
elapsed time: 6645 seconds

